
**** Build of configuration Debug for project SmartWatch2 ****

"C:\\ti\\ccsv5\\utils\\bin\\gmake" -k all 
'Building file: ../ADC_and_LCD.c'
'Invoking: MSP430 Compiler'
"C:/ti/ccsv5/tools/compiler/msp430_4.2.1/bin/cl430" -vmsp --abi=eabi --include_path="C:/ti/ccsv5/ccs_base/msp430/include" --include_path="C:/ti/ccsv5/tools/compiler/msp430_4.2.1/include" --advice:power=all -g --define=__MSP430G2452__ --diag_warning=225 --display_error_number --diag_wrap=off --printf_support=minimal --preproc_with_compile --preproc_dependency="ADC_and_LCD.pp"  "../ADC_and_LCD.c"
"../ADC_and_LCD.c", line 23: remark #1530-D: (ULP 5.1) Detected divide operation(s). Recommend moving them to RAM during run time or not using as these are processing/power intensive
"../ADC_and_LCD.c", line 26: remark #1533-D: (ULP 6.1) Detected use of multiplication on a device that has no hardware multiplier
"../ADC_and_LCD.c", line 27: remark #1530-D: (ULP 5.1) Detected divide operation(s). Recommend moving them to RAM during run time or not using as these are processing/power intensive
"../ADC_and_LCD.c", line 34: warning #179-D: variable "volts" was declared but never referenced
"../ADC_and_LCD.c", line 35: warning #179-D: variable "lux" was declared but never referenced
"../ADC_and_LCD.c", line 56: remark #1527-D: (ULP 2.1) Detected SW delay loop using __delay_cycles. Recommend using a timer module instead
"../ADC_and_LCD.c", line 67: remark #1530-D: (ULP 5.1) Detected divide operation(s). Recommend moving them to RAM during run time or not using as these are processing/power intensive
'Finished building: ../ADC_and_LCD.c'
' '
'Building target: SmartWatch2.out'
'Invoking: MSP430 Linker'
"C:/ti/ccsv5/tools/compiler/msp430_4.2.1/bin/cl430" -vmsp --abi=eabi --advice:power=all -g --define=__MSP430G2452__ --diag_warning=225 --display_error_number --diag_wrap=off --printf_support=minimal -z -m"SmartWatch2.map" --heap_size=80 --stack_size=80 -i"C:/ti/ccsv5/ccs_base/msp430/include" -i"C:/ti/ccsv5/tools/compiler/msp430_4.2.1/lib" -i"C:/ti/ccsv5/tools/compiler/msp430_4.2.1/include" --reread_libs --warn_sections --display_error_number --diag_wrap=off --xml_link_info="SmartWatch2_linkInfo.xml" --rom_model -o "SmartWatch2.out"  "./PCD8544.obj" "./ADC_and_LCD.obj" "../lnk_msp430g2452.cmd" -l"libc.a" 
<Linking>
remark #10372-D: (ULP 4.1) Detected uninitialized Port 1 in this project. Recommend initializing all unused ports to eliminate wasted current consumption on unused pins.
'Finished building target: SmartWatch2.out'
' '

**** Build Finished ****

**** Build of configuration Debug for project SmartWatch2 ****

"C:\\ti\\ccsv5\\utils\\bin\\gmake" -k all 
gmake: Nothing to be done for `all'.

**** Build Finished ****

**** Build of configuration Debug for project SmartWatch2 ****

"C:\\ti\\ccsv5\\utils\\bin\\gmake" -k all 
'Building file: ../ADC_and_LCD.c'
'Invoking: MSP430 Compiler'
"C:/ti/ccsv5/tools/compiler/msp430_4.2.1/bin/cl430" -vmsp --abi=eabi --include_path="C:/ti/ccsv5/ccs_base/msp430/include" --include_path="C:/ti/ccsv5/tools/compiler/msp430_4.2.1/include" --advice:power=all -g --define=__MSP430G2452__ --diag_warning=225 --display_error_number --diag_wrap=off --printf_support=minimal --preproc_with_compile --preproc_dependency="ADC_and_LCD.pp"  "../ADC_and_LCD.c"
"../ADC_and_LCD.c", line 23: remark #1530-D: (ULP 5.1) Detected divide operation(s). Recommend moving them to RAM during run time or not using as these are processing/power intensive
"../ADC_and_LCD.c", line 26: remark #1533-D: (ULP 6.1) Detected use of multiplication on a device that has no hardware multiplier
"../ADC_and_LCD.c", line 27: remark #1530-D: (ULP 5.1) Detected divide operation(s). Recommend moving them to RAM during run time or not using as these are processing/power intensive
"../ADC_and_LCD.c", line 41: error #31: expression must have integral type
"../ADC_and_LCD.c", line 35: warning #179-D: variable "lux" was declared but never referenced
"../ADC_and_LCD.c", line 57: remark #1527-D: (ULP 2.1) Detected SW delay loop using __delay_cycles. Recommend using a timer module instead
"../ADC_and_LCD.c", line 68: remark #1530-D: (ULP 5.1) Detected divide operation(s). Recommend moving them to RAM during run time or not using as these are processing/power intensive
"../ADC_and_LCD.c", line 92: remark #1527-D: (ULP 2.1) Detected SW delay loop using __delay_cycles. Recommend using a timer module instead
"../ADC_and_LCD.c", line 102: remark #1530-D: (ULP 5.1) Detected divide operation(s). Recommend moving them to RAM during run time or not using as these are processing/power intensive
1 error detected in the compilation of "../ADC_and_LCD.c".

>> Compilation failure
gmake: *** [ADC_and_LCD.obj] Error 1
gmake: Target `all' not remade because of errors.

**** Build Finished ****

**** Build of configuration Debug for project SmartWatch2 ****

"C:\\ti\\ccsv5\\utils\\bin\\gmake" -k all 
'Building file: ../ADC_and_LCD.c'
'Invoking: MSP430 Compiler'
"C:/ti/ccsv5/tools/compiler/msp430_4.2.1/bin/cl430" -vmsp --abi=eabi --include_path="C:/ti/ccsv5/ccs_base/msp430/include" --include_path="C:/ti/ccsv5/tools/compiler/msp430_4.2.1/include" --advice:power=all -g --define=__MSP430G2452__ --diag_warning=225 --display_error_number --diag_wrap=off --printf_support=minimal --preproc_with_compile --preproc_dependency="ADC_and_LCD.pp"  "../ADC_and_LCD.c"
"../ADC_and_LCD.c", line 23: remark #1530-D: (ULP 5.1) Detected divide operation(s). Recommend moving them to RAM during run time or not using as these are processing/power intensive
"../ADC_and_LCD.c", line 26: remark #1533-D: (ULP 6.1) Detected use of multiplication on a device that has no hardware multiplier
"../ADC_and_LCD.c", line 27: remark #1530-D: (ULP 5.1) Detected divide operation(s). Recommend moving them to RAM during run time or not using as these are processing/power intensive
"../ADC_and_LCD.c", line 35: warning #179-D: variable "lux" was declared but never referenced
"../ADC_and_LCD.c", line 57: remark #1527-D: (ULP 2.1) Detected SW delay loop using __delay_cycles. Recommend using a timer module instead
"../ADC_and_LCD.c", line 68: remark #1530-D: (ULP 5.1) Detected divide operation(s). Recommend moving them to RAM during run time or not using as these are processing/power intensive
"../ADC_and_LCD.c", line 92: remark #1527-D: (ULP 2.1) Detected SW delay loop using __delay_cycles. Recommend using a timer module instead
"../ADC_and_LCD.c", line 102: remark #1530-D: (ULP 5.1) Detected divide operation(s). Recommend moving them to RAM during run time or not using as these are processing/power intensive
'Finished building: ../ADC_and_LCD.c'
' '
'Building target: SmartWatch2.out'
'Invoking: MSP430 Linker'
"C:/ti/ccsv5/tools/compiler/msp430_4.2.1/bin/cl430" -vmsp --abi=eabi --advice:power=all -g --define=__MSP430G2452__ --diag_warning=225 --display_error_number --diag_wrap=off --printf_support=minimal -z -m"SmartWatch2.map" --heap_size=80 --stack_size=80 -i"C:/ti/ccsv5/ccs_base/msp430/include" -i"C:/ti/ccsv5/tools/compiler/msp430_4.2.1/lib" -i"C:/ti/ccsv5/tools/compiler/msp430_4.2.1/include" --reread_libs --warn_sections --display_error_number --diag_wrap=off --xml_link_info="SmartWatch2_linkInfo.xml" --rom_model -o "SmartWatch2.out"  "./PCD8544.obj" "./ADC_and_LCD.obj" "../lnk_msp430g2452.cmd" -l"libc.a" 
<Linking>
remark #10372-D: (ULP 4.1) Detected uninitialized Port 1 in this project. Recommend initializing all unused ports to eliminate wasted current consumption on unused pins.
'Finished building target: SmartWatch2.out'
' '

**** Build Finished ****
